python maml_trpo_point.py
/home/zconnell/anaconda3/envs/maml_rl_env/lib/python3.6/site-packages/tensorflow/python/framework/dtypes.py:516: FutureWarning: Passing (type, 1) or '1type' as a synonym of type is deprecated; in a future version of numpy, it will be understood as (type, (1,)) / '(1,)type'.
  _np_qint8 = np.dtype([("qint8", np.int8, 1)])
/home/zconnell/anaconda3/envs/maml_rl_env/lib/python3.6/site-packages/tensorflow/python/framework/dtypes.py:517: FutureWarning: Passing (type, 1) or '1type' as a synonym of type is deprecated; in a future version of numpy, it will be understood as (type, (1,)) / '(1,)type'.
  _np_quint8 = np.dtype([("quint8", np.uint8, 1)])
/home/zconnell/anaconda3/envs/maml_rl_env/lib/python3.6/site-packages/tensorflow/python/framework/dtypes.py:518: FutureWarning: Passing (type, 1) or '1type' as a synonym of type is deprecated; in a future version of numpy, it will be understood as (type, (1,)) / '(1,)type'.
  _np_qint16 = np.dtype([("qint16", np.int16, 1)])
/home/zconnell/anaconda3/envs/maml_rl_env/lib/python3.6/site-packages/tensorflow/python/framework/dtypes.py:519: FutureWarning: Passing (type, 1) or '1type' as a synonym of type is deprecated; in a future version of numpy, it will be understood as (type, (1,)) / '(1,)type'.
  _np_quint16 = np.dtype([("quint16", np.uint16, 1)])
/home/zconnell/anaconda3/envs/maml_rl_env/lib/python3.6/site-packages/tensorflow/python/framework/dtypes.py:520: FutureWarning: Passing (type, 1) or '1type' as a synonym of type is deprecated; in a future version of numpy, it will be understood as (type, (1,)) / '(1,)type'.
  _np_qint32 = np.dtype([("qint32", np.int32, 1)])
/home/zconnell/anaconda3/envs/maml_rl_env/lib/python3.6/site-packages/tensorflow/python/framework/dtypes.py:525: FutureWarning: Passing (type, 1) or '1type' as a synonym of type is deprecated; in a future version of numpy, it will be understood as (type, (1,)) / '(1,)type'.
  np_resource = np.dtype([("resource", np.ubyte, 1)])
/home/zconnell/anaconda3/envs/maml_rl_env/lib/python3.6/site-packages/tensorboard/compat/tensorflow_stub/dtypes.py:541: FutureWarning: Passing (type, 1) or '1type' as a synonym of type is deprecated; in a future version of numpy, it will be understood as (type, (1,)) / '(1,)type'.
  _np_qint8 = np.dtype([("qint8", np.int8, 1)])
/home/zconnell/anaconda3/envs/maml_rl_env/lib/python3.6/site-packages/tensorboard/compat/tensorflow_stub/dtypes.py:542: FutureWarning: Passing (type, 1) or '1type' as a synonym of type is deprecated; in a future version of numpy, it will be understood as (type, (1,)) / '(1,)type'.
  _np_quint8 = np.dtype([("quint8", np.uint8, 1)])
/home/zconnell/anaconda3/envs/maml_rl_env/lib/python3.6/site-packages/tensorboard/compat/tensorflow_stub/dtypes.py:543: FutureWarning: Passing (type, 1) or '1type' as a synonym of type is deprecated; in a future version of numpy, it will be understood as (type, (1,)) / '(1,)type'.
  _np_qint16 = np.dtype([("qint16", np.int16, 1)])
/home/zconnell/anaconda3/envs/maml_rl_env/lib/python3.6/site-packages/tensorboard/compat/tensorflow_stub/dtypes.py:544: FutureWarning: Passing (type, 1) or '1type' as a synonym of type is deprecated; in a future version of numpy, it will be understood as (type, (1,)) / '(1,)type'.
  _np_quint16 = np.dtype([("quint16", np.uint16, 1)])
/home/zconnell/anaconda3/envs/maml_rl_env/lib/python3.6/site-packages/tensorboard/compat/tensorflow_stub/dtypes.py:545: FutureWarning: Passing (type, 1) or '1type' as a synonym of type is deprecated; in a future version of numpy, it will be understood as (type, (1,)) / '(1,)type'.
  _np_qint32 = np.dtype([("qint32", np.int32, 1)])
/home/zconnell/anaconda3/envs/maml_rl_env/lib/python3.6/site-packages/tensorboard/compat/tensorflow_stub/dtypes.py:550: FutureWarning: Passing (type, 1) or '1type' as a synonym of type is deprecated; in a future version of numpy, it will be understood as (type, (1,)) / '(1,)type'.
  np_resource = np.dtype([("resource", np.ubyte, 1)])
/home/zconnell/anaconda3/envs/maml_rl_env/lib/python3.6/site-packages/theano/tensor/signal/downsample.py:6: UserWarning: downsample module has been moved to the theano.tensor.signal.pool module.
  "downsample module has been moved to the theano.tensor.signal.pool module.")
python3 /home/zconnell/maml_rl/scripts/run_experiment_lite.py  --n_parallel '1'  --snapshot_mode 'last'  --seed '1'  --plot 'False'  --exp_name 'trpomaml1_fbs20_mbs40_flr_0.5metalr_0.01_step11'  --log_dir '/home/zconnell/maml_rl/data/local/vpg-maml-point100/trpomaml1_fbs20_mbs40_flr_0.5metalr_0.01_step11'  --use_cloudpickle 'False'  --args_data 'gANjcmxsYWIubWlzYy5pbnN0cnVtZW50ClN0dWJNZXRob2RDYWxsCnEAKYFxAX1xAihYBgAAAF9fYXJnc3EDKGNybGxhYi5taXNjLmluc3RydW1lbnQKU3R1Yk9iamVjdApxBCmBcQV9cQYoWAQAAABhcmdzcQcpWAYAAABrd2FyZ3NxCH1xCShYAwAAAGVudnEKaAQpgXELfXEMKGgHKWgIfXENWAsAAAB3cmFwcGVkX2VudnEOaAQpgXEPfXEQKGgHKWgIfXERaApoBCmBcRJ9cRMoaAcpaAh9cRRYCwAAAHByb3h5X2NsYXNzcRVjbWFtbF9leGFtcGxlcy5wb2ludF9lbnZfcmFuZGdvYWwKUG9pbnRFbnZSYW5kR29hbApxFnVic2gVY3JsbGFiLmVudnMubm9ybWFsaXplZF9lbnYKTm9ybWFsaXplZEVudgpxF3Vic2gVY3NhbmRib3gucm9ja3kudGYuZW52cy5iYXNlClRmRW52CnEYdWJYBgAAAHBvbGljeXEZaAQpgXEafXEbKGgHKWgIfXEcKFgEAAAAbmFtZXEdaBlYCAAAAGVudl9zcGVjcR5jcmxsYWIubWlzYy5pbnN0cnVtZW50ClN0dWJBdHRyCnEfKYFxIH1xIShYBAAAAF9vYmpxImgLWAoAAABfYXR0cl9uYW1lcSNYBAAAAHNwZWNxJHViWA4AAABncmFkX3N0ZXBfc2l6ZXElRz/gAAAAAAAAWBMAAABoaWRkZW5fbm9ubGluZWFyaXR5cSZjdGVuc29yZmxvdy5weXRob24ub3BzLmdlbl9ubl9vcHMKcmVsdQpxJ1gMAAAAaGlkZGVuX3NpemVzcShLCksKhnEpdWgVY3NhbmRib3gucm9ja3kudGYucG9saWNpZXMubWFtbF9taW5pbWFsX2dhdXNzX21scF9wb2xpY3kKTUFNTEdhdXNzaWFuTUxQUG9saWN5CnEqdWJYCAAAAGJhc2VsaW5lcStoBCmBcSx9cS0oaAcpaAh9cS5oHmgfKYFxL31xMChoImgLaCNoJHVic2gVY3JsbGFiLmJhc2VsaW5lcy5saW5lYXJfZmVhdHVyZV9iYXNlbGluZQpMaW5lYXJGZWF0dXJlQmFzZWxpbmUKcTF1YlgKAAAAYmF0Y2hfc2l6ZXEySxRYDwAAAG1heF9wYXRoX2xlbmd0aHEzSwpYDwAAAG1ldGFfYmF0Y2hfc2l6ZXE0SyhYEAAAAG51bV9ncmFkX3VwZGF0ZXNxNUsBWAUAAABuX2l0cnE2SwFYCAAAAHVzZV9tYW1scTeIWAkAAABzdGVwX3NpemVxOEc/hHrhR64Ue1gEAAAAcGxvdHE5iXVoFWNzYW5kYm94LnJvY2t5LnRmLmFsZ29zLm1hbWxfdHJwbwpNQU1MVFJQTwpxOnViWAUAAAB0cmFpbnE7KX1xPHRxPVgIAAAAX19rd2FyZ3NxPn1xP3ViLg=='
/home/zconnell/anaconda3/envs/maml_rl_env/lib/python3.6/site-packages/theano/tensor/signal/downsample.py:6: UserWarning: downsample module has been moved to the theano.tensor.signal.pool module.
  "downsample module has been moved to the theano.tensor.signal.pool module.")
/home/zconnell/anaconda3/envs/maml_rl_env/lib/python3.6/site-packages/tensorflow/python/framework/dtypes.py:516: FutureWarning: Passing (type, 1) or '1type' as a synonym of type is deprecated; in a future version of numpy, it will be understood as (type, (1,)) / '(1,)type'.
  _np_qint8 = np.dtype([("qint8", np.int8, 1)])
/home/zconnell/anaconda3/envs/maml_rl_env/lib/python3.6/site-packages/tensorflow/python/framework/dtypes.py:517: FutureWarning: Passing (type, 1) or '1type' as a synonym of type is deprecated; in a future version of numpy, it will be understood as (type, (1,)) / '(1,)type'.
  _np_quint8 = np.dtype([("quint8", np.uint8, 1)])
/home/zconnell/anaconda3/envs/maml_rl_env/lib/python3.6/site-packages/tensorflow/python/framework/dtypes.py:518: FutureWarning: Passing (type, 1) or '1type' as a synonym of type is deprecated; in a future version of numpy, it will be understood as (type, (1,)) / '(1,)type'.
  _np_qint16 = np.dtype([("qint16", np.int16, 1)])
/home/zconnell/anaconda3/envs/maml_rl_env/lib/python3.6/site-packages/tensorflow/python/framework/dtypes.py:519: FutureWarning: Passing (type, 1) or '1type' as a synonym of type is deprecated; in a future version of numpy, it will be understood as (type, (1,)) / '(1,)type'.
  _np_quint16 = np.dtype([("quint16", np.uint16, 1)])
/home/zconnell/anaconda3/envs/maml_rl_env/lib/python3.6/site-packages/tensorflow/python/framework/dtypes.py:520: FutureWarning: Passing (type, 1) or '1type' as a synonym of type is deprecated; in a future version of numpy, it will be understood as (type, (1,)) / '(1,)type'.
  _np_qint32 = np.dtype([("qint32", np.int32, 1)])
/home/zconnell/anaconda3/envs/maml_rl_env/lib/python3.6/site-packages/tensorflow/python/framework/dtypes.py:525: FutureWarning: Passing (type, 1) or '1type' as a synonym of type is deprecated; in a future version of numpy, it will be understood as (type, (1,)) / '(1,)type'.
  np_resource = np.dtype([("resource", np.ubyte, 1)])
/home/zconnell/anaconda3/envs/maml_rl_env/lib/python3.6/site-packages/tensorboard/compat/tensorflow_stub/dtypes.py:541: FutureWarning: Passing (type, 1) or '1type' as a synonym of type is deprecated; in a future version of numpy, it will be understood as (type, (1,)) / '(1,)type'.
  _np_qint8 = np.dtype([("qint8", np.int8, 1)])
/home/zconnell/anaconda3/envs/maml_rl_env/lib/python3.6/site-packages/tensorboard/compat/tensorflow_stub/dtypes.py:542: FutureWarning: Passing (type, 1) or '1type' as a synonym of type is deprecated; in a future version of numpy, it will be understood as (type, (1,)) / '(1,)type'.
  _np_quint8 = np.dtype([("quint8", np.uint8, 1)])
/home/zconnell/anaconda3/envs/maml_rl_env/lib/python3.6/site-packages/tensorboard/compat/tensorflow_stub/dtypes.py:543: FutureWarning: Passing (type, 1) or '1type' as a synonym of type is deprecated; in a future version of numpy, it will be understood as (type, (1,)) / '(1,)type'.
  _np_qint16 = np.dtype([("qint16", np.int16, 1)])
/home/zconnell/anaconda3/envs/maml_rl_env/lib/python3.6/site-packages/tensorboard/compat/tensorflow_stub/dtypes.py:544: FutureWarning: Passing (type, 1) or '1type' as a synonym of type is deprecated; in a future version of numpy, it will be understood as (type, (1,)) / '(1,)type'.
  _np_quint16 = np.dtype([("quint16", np.uint16, 1)])
/home/zconnell/anaconda3/envs/maml_rl_env/lib/python3.6/site-packages/tensorboard/compat/tensorflow_stub/dtypes.py:545: FutureWarning: Passing (type, 1) or '1type' as a synonym of type is deprecated; in a future version of numpy, it will be understood as (type, (1,)) / '(1,)type'.
  _np_qint32 = np.dtype([("qint32", np.int32, 1)])
/home/zconnell/anaconda3/envs/maml_rl_env/lib/python3.6/site-packages/tensorboard/compat/tensorflow_stub/dtypes.py:550: FutureWarning: Passing (type, 1) or '1type' as a synonym of type is deprecated; in a future version of numpy, it will be understood as (type, (1,)) / '(1,)type'.
  np_resource = np.dtype([("resource", np.ubyte, 1)])
WARNING:tensorflow:From ./rllab/misc/ext.py:198: The name tf.set_random_seed is deprecated. Please use tf.compat.v1.set_random_seed instead.

using seed 1
2020-12-06 15:43:18.434682 EST | Setting seed to 1
using seed 1
WARNING:tensorflow:From ./sandbox/rocky/tf/policies/maml_minimal_gauss_mlp_policy.py:357: The name tf.variable_scope is deprecated. Please use tf.compat.v1.variable_scope instead.

WARNING:tensorflow:From ./sandbox/rocky/tf/core/utils.py:24: The name tf.get_variable is deprecated. Please use tf.compat.v1.get_variable instead.

WARNING:tensorflow:From ./sandbox/rocky/tf/core/utils.py:10: The name tf.placeholder is deprecated. Please use tf.compat.v1.placeholder instead.

WARNING:tensorflow:From ./sandbox/rocky/tf/algos/batch_maml_polopt.py:134: The name tf.Session is deprecated. Please use tf.compat.v1.Session instead.

2020-12-06 15:43:18.932337: I tensorflow/core/platform/cpu_feature_guard.cc:142] Your CPU supports instructions that this TensorFlow binary was not compiled to use: SSE4.1 SSE4.2 AVX AVX2 AVX512F FMA
2020-12-06 15:43:18.944932: I tensorflow/core/platform/profile_utils/cpu_utils.cc:94] CPU Frequency: 3200000000 Hz
2020-12-06 15:43:18.956578: I tensorflow/compiler/xla/service/service.cc:168] XLA service 0x557c03879ff0 executing computations on platform Host. Devices:
2020-12-06 15:43:18.956631: I tensorflow/compiler/xla/service/service.cc:175]   StreamExecutor device (0): <undefined>, <undefined>
WARNING:tensorflow:From /home/zconnell/anaconda3/envs/maml_rl_env/lib/python3.6/site-packages/tensorflow/python/ops/math_grad.py:1250: add_dispatch_support.<locals>.wrapper (from tensorflow.python.ops.array_ops) is deprecated and will be removed in a future version.
Instructions for updating:
Use tf.where in 2.0, which has the same broadcast rule as np.where
2020-12-06 15:43:53.766847: W tensorflow/compiler/jit/mark_for_compilation_pass.cc:1412] (One-time warning): Not using XLA:CPU for cluster because envvar TF_XLA_FLAGS=--tf_xla_cpu_global_jit was not set.  If you want XLA:CPU, either set that envvar, or use experimental_jit_scope to enable XLA:CPU.  To confirm that XLA is active, pass --vmodule=xla_compilation_cache=1 (as a proper command-line flag, not via TF_XLA_FLAGS) or set the envvar XLA_FLAGS=--xla_hlo_profile.
2020-12-06 15:43:53.779372 EST | [trpomaml1_fbs20_mbs40_flr_0.5metalr_0.01_step11] itr #0 | Sampling set of tasks/goals for this meta-batch...
2020-12-06 15:43:53.779768 EST | [trpomaml1_fbs20_mbs40_flr_0.5metalr_0.01_step11] itr #0 | ** Step 0 **
2020-12-06 15:43:53.779849 EST | [trpomaml1_fbs20_mbs40_flr_0.5metalr_0.01_step11] itr #0 | Obtaining samples...
2020-12-06 15:43:53.779949 EST | [trpomaml1_fbs20_mbs40_flr_0.5metalr_0.01_step11] itr #0 | Obtaining samples for iteration 0...
0% [##############################] 100% | ETA: 00:00:00
Total time elapsed: 00:00:01
2020-12-06 15:43:54.863020 EST | [trpomaml1_fbs20_mbs40_flr_0.5metalr_0.01_step11] itr #0 | Processing samples...
./rllab/baselines/linear_feature_baseline.py:33: FutureWarning: `rcond` parameter will change to the default of machine precision times ``max(M, N)`` where M and N are the input matrix dimensions.
To use the future default and silence this warning we advise to pass `rcond=None`, to keep using the old, explicitly pass `rcond=-1`.
  featmat.T.dot(returns)
2020-12-06 15:43:54.965648 EST | [trpomaml1_fbs20_mbs40_flr_0.5metalr_0.01_step11] itr #0 | fitting baseline...
2020-12-06 15:43:55.002224 EST | [trpomaml1_fbs20_mbs40_flr_0.5metalr_0.01_step11] itr #0 | fitted
2020-12-06 15:43:55.109379 EST | [trpomaml1_fbs20_mbs40_flr_0.5metalr_0.01_step11] itr #0 | Logging diagnostics...
2020-12-06 15:43:55.110365 EST | [trpomaml1_fbs20_mbs40_flr_0.5metalr_0.01_step11] itr #0 | Computing policy updates...
2020-12-06 15:44:10.301609 EST | [trpomaml1_fbs20_mbs40_flr_0.5metalr_0.01_step11] itr #0 | ** Step 1 **
2020-12-06 15:44:10.302060 EST | [trpomaml1_fbs20_mbs40_flr_0.5metalr_0.01_step11] itr #0 | Obtaining samples...
2020-12-06 15:44:10.302151 EST | [trpomaml1_fbs20_mbs40_flr_0.5metalr_0.01_step11] itr #0 | Obtaining samples for iteration 0...
0% [##############################] 100% | ETA: 00:00:00
Total time elapsed: 00:00:02
2020-12-06 15:44:13.269326 EST | [trpomaml1_fbs20_mbs40_flr_0.5metalr_0.01_step11] itr #0 | Processing samples...
./rllab/baselines/linear_feature_baseline.py:33: FutureWarning: `rcond` parameter will change to the default of machine precision times ``max(M, N)`` where M and N are the input matrix dimensions.
To use the future default and silence this warning we advise to pass `rcond=None`, to keep using the old, explicitly pass `rcond=-1`.
  featmat.T.dot(returns)
2020-12-06 15:44:13.370663 EST | [trpomaml1_fbs20_mbs40_flr_0.5metalr_0.01_step11] itr #0 | fitting baseline...
2020-12-06 15:44:13.400925 EST | [trpomaml1_fbs20_mbs40_flr_0.5metalr_0.01_step11] itr #0 | fitted
2020-12-06 15:44:13.501567 EST | [trpomaml1_fbs20_mbs40_flr_0.5metalr_0.01_step11] itr #0 | Logging diagnostics...
2020-12-06 15:44:13.502556 EST | [trpomaml1_fbs20_mbs40_flr_0.5metalr_0.01_step11] itr #0 | Optimizing policy...
2020-12-06 15:44:13.502903 EST | [trpomaml1_fbs20_mbs40_flr_0.5metalr_0.01_step11] itr #0 | Computing KL before
2020-12-06 15:44:16.370013 EST | [trpomaml1_fbs20_mbs40_flr_0.5metalr_0.01_step11] itr #0 | Computing loss before
2020-12-06 15:44:19.801282 EST | [trpomaml1_fbs20_mbs40_flr_0.5metalr_0.01_step11] itr #0 | Optimizing
2020-12-06 15:44:20.318553 EST | [trpomaml1_fbs20_mbs40_flr_0.5metalr_0.01_step11] itr #0 | Start CG optimization: #parameters: 164, #inputs: 200, #subsample_inputs: 200
2020-12-06 15:44:20.318874 EST | [trpomaml1_fbs20_mbs40_flr_0.5metalr_0.01_step11] itr #0 | computing loss before
2020-12-06 15:44:20.364221 EST | [trpomaml1_fbs20_mbs40_flr_0.5metalr_0.01_step11] itr #0 | performing update
2020-12-06 15:44:20.364490 EST | [trpomaml1_fbs20_mbs40_flr_0.5metalr_0.01_step11] itr #0 | computing gradient
2020-12-06 15:44:44.391901 EST | [trpomaml1_fbs20_mbs40_flr_0.5metalr_0.01_step11] itr #0 | gradient computed
2020-12-06 15:44:44.392140 EST | [trpomaml1_fbs20_mbs40_flr_0.5metalr_0.01_step11] itr #0 | computing descent direction
2020-12-06 15:45:10.630641 EST | [trpomaml1_fbs20_mbs40_flr_0.5metalr_0.01_step11] itr #0 | descent direction computed
2020-12-06 15:45:14.430384 EST | [trpomaml1_fbs20_mbs40_flr_0.5metalr_0.01_step11] itr #0 | backtrack iters: 1
2020-12-06 15:45:14.430579 EST | [trpomaml1_fbs20_mbs40_flr_0.5metalr_0.01_step11] itr #0 | computing loss after
2020-12-06 15:45:14.430697 EST | [trpomaml1_fbs20_mbs40_flr_0.5metalr_0.01_step11] itr #0 | optimization finished
2020-12-06 15:45:14.430787 EST | [trpomaml1_fbs20_mbs40_flr_0.5metalr_0.01_step11] itr #0 | Computing loss after
2020-12-06 15:45:14.463833 EST | [trpomaml1_fbs20_mbs40_flr_0.5metalr_0.01_step11] itr #0 | Computing KL after
2020-12-06 15:45:14.494517 EST | [trpomaml1_fbs20_mbs40_flr_0.5metalr_0.01_step11] itr #0 | Saving snapshot...
Traceback (most recent call last):
  File "/home/zconnell/anaconda3/envs/maml_rl_env/lib/python3.6/pickle.py", line 269, in _getattribute
    obj = getattr(obj, subpath)
AttributeError: module 'tensorflow.python.ops.array_ops' has no attribute 'add_dispatch_support'

During handling of the above exception, another exception occurred:

Traceback (most recent call last):
  File "/home/zconnell/anaconda3/envs/maml_rl_env/lib/python3.6/pickle.py", line 918, in save_global
    obj2, parent = _getattribute(module, name)
  File "/home/zconnell/anaconda3/envs/maml_rl_env/lib/python3.6/pickle.py", line 272, in _getattribute
    .format(name, obj))
AttributeError: Can't get attribute 'add_dispatch_support.<locals>.wrapper' on <module 'tensorflow.python.ops.array_ops' from '/home/zconnell/anaconda3/envs/maml_rl_env/lib/python3.6/site-packages/tensorflow/python/ops/array_ops.py'>

During handling of the above exception, another exception occurred:

Traceback (most recent call last):
  File "/home/zconnell/maml_rl/scripts/run_experiment_lite.py", line 136, in <module>
    run_experiment(sys.argv)
  File "/home/zconnell/maml_rl/scripts/run_experiment_lite.py", line 123, in run_experiment
    maybe_iter = concretize(data)
  File "./rllab/misc/instrument.py", line 1214, in concretize
    return method(*args, **kwargs)
  File "./sandbox/rocky/tf/algos/batch_maml_polopt.py", line 194, in train
    logger.save_itr_params(itr, params)
  File "./rllab/misc/logger.py", line 224, in save_itr_params
    joblib.dump(params, file_name, compress=3)
  File "/home/zconnell/anaconda3/envs/maml_rl_env/lib/python3.6/site-packages/joblib/numpy_pickle.py", line 477, in dump
    NumpyPickler(f, protocol=protocol).dump(value)
  File "/home/zconnell/anaconda3/envs/maml_rl_env/lib/python3.6/pickle.py", line 409, in dump
    self.save(obj)
  File "/home/zconnell/anaconda3/envs/maml_rl_env/lib/python3.6/site-packages/joblib/numpy_pickle.py", line 282, in save
    return Pickler.save(self, obj)
  File "/home/zconnell/anaconda3/envs/maml_rl_env/lib/python3.6/pickle.py", line 476, in save
    f(self, obj) # Call unbound method with explicit self
  File "/home/zconnell/anaconda3/envs/maml_rl_env/lib/python3.6/pickle.py", line 821, in save_dict
    self._batch_setitems(obj.items())
  File "/home/zconnell/anaconda3/envs/maml_rl_env/lib/python3.6/pickle.py", line 847, in _batch_setitems
    save(v)
  File "/home/zconnell/anaconda3/envs/maml_rl_env/lib/python3.6/site-packages/joblib/numpy_pickle.py", line 282, in save
    return Pickler.save(self, obj)
  File "/home/zconnell/anaconda3/envs/maml_rl_env/lib/python3.6/pickle.py", line 521, in save
    self.save_reduce(obj=obj, *rv)
  File "/home/zconnell/anaconda3/envs/maml_rl_env/lib/python3.6/pickle.py", line 634, in save_reduce
    save(state)
  File "/home/zconnell/anaconda3/envs/maml_rl_env/lib/python3.6/site-packages/joblib/numpy_pickle.py", line 282, in save
    return Pickler.save(self, obj)
  File "/home/zconnell/anaconda3/envs/maml_rl_env/lib/python3.6/pickle.py", line 476, in save
    f(self, obj) # Call unbound method with explicit self
  File "/home/zconnell/anaconda3/envs/maml_rl_env/lib/python3.6/pickle.py", line 821, in save_dict
    self._batch_setitems(obj.items())
  File "/home/zconnell/anaconda3/envs/maml_rl_env/lib/python3.6/pickle.py", line 847, in _batch_setitems
    save(v)
  File "/home/zconnell/anaconda3/envs/maml_rl_env/lib/python3.6/site-packages/joblib/numpy_pickle.py", line 282, in save
    return Pickler.save(self, obj)
  File "/home/zconnell/anaconda3/envs/maml_rl_env/lib/python3.6/pickle.py", line 476, in save
    f(self, obj) # Call unbound method with explicit self
  File "/home/zconnell/anaconda3/envs/maml_rl_env/lib/python3.6/pickle.py", line 751, in save_tuple
    save(element)
  File "/home/zconnell/anaconda3/envs/maml_rl_env/lib/python3.6/site-packages/joblib/numpy_pickle.py", line 282, in save
    return Pickler.save(self, obj)
  File "/home/zconnell/anaconda3/envs/maml_rl_env/lib/python3.6/pickle.py", line 476, in save
    f(self, obj) # Call unbound method with explicit self
  File "/home/zconnell/anaconda3/envs/maml_rl_env/lib/python3.6/pickle.py", line 922, in save_global
    (obj, module_name, name))
_pickle.PicklingError: Can't pickle <function add_dispatch_support.<locals>.wrapper at 0x7f8ac23ca6a8>: it's not found as tensorflow.python.ops.array_ops.add_dispatch_support.<locals>.wrapper
